<?xml version="1.0" encoding="UTF-8"?>
<!-- Generated by org.testng.reporters.JUnitReportReporter -->
<testsuite skipped="0" hostname="DESKTOP-TDGKHGS" name="GitHub.GitHubTest" tests="1" failures="0" timestamp="2022-03-13T15:50:09 IST" time="0.019" errors="0">
  <testcase name="github" time="0.019" classname="GitHub.GitHubTest"/>
  <system-out/>
</testsuite> <!-- GitHub.GitHubTest -->
